C:\Users\Marco\AppData\Roaming\Python\Python36\site-packages\pykwalify\core.py:99: UnsafeLoaderWarning: 
The default 'Loader' for 'load(stream)' without further arguments can be unsafe.
Use 'load(stream, Loader=ruamel.yaml.Loader)' explicitly if that is OK.
Alternatively include the following in your code:

  import warnings
  warnings.simplefilter('ignore', ruamel.yaml.error.UnsafeLoaderWarning)

In most other cases you should consider using 'safe_load(stream)'
  data = yaml.load(stream)

C:\Program Files\Python36\lib\importlib\_bootstrap.py:205: RuntimeWarning: numpy.dtype size changed, may indicate binary incompatibility. Expected 96, got 88
  return f(*args, **kwds)

C:\Program Files\Python36\lib\importlib\_bootstrap.py:205: RuntimeWarning: numpy.ufunc size changed, may indicate binary incompatibility. Expected 192, got 176
  return f(*args, **kwds)

C:\Users\Marco\AppData\Roaming\Python\Python36\site-packages\pykwalify\core.py:99: UnsafeLoaderWarning: 
The default 'Loader' for 'load(stream)' without further arguments can be unsafe.
Use 'load(stream, Loader=ruamel.yaml.Loader)' explicitly if that is OK.
Alternatively include the following in your code:

  import warnings
  warnings.simplefilter('ignore', ruamel.yaml.error.UnsafeLoaderWarning)

In most other cases you should consider using 'safe_load(stream)'
  data = yaml.load(stream)

C:\Program Files\Python36\lib\importlib\_bootstrap.py:205: RuntimeWarning: numpy.dtype size changed, may indicate binary incompatibility. Expected 96, got 88
  return f(*args, **kwds)

C:\Program Files\Python36\lib\importlib\_bootstrap.py:205: RuntimeWarning: numpy.ufunc size changed, may indicate binary incompatibility. Expected 192, got 176
  return f(*args, **kwds)

C:\Users\Marco\AppData\Roaming\Python\Python36\site-packages\pykwalify\core.py:99: UnsafeLoaderWarning: 
The default 'Loader' for 'load(stream)' without further arguments can be unsafe.
Use 'load(stream, Loader=ruamel.yaml.Loader)' explicitly if that is OK.
Alternatively include the following in your code:

  import warnings
  warnings.simplefilter('ignore', ruamel.yaml.error.UnsafeLoaderWarning)

In most other cases you should consider using 'safe_load(stream)'
  data = yaml.load(stream)

C:\Program Files\Python36\lib\importlib\_bootstrap.py:205: RuntimeWarning: numpy.dtype size changed, may indicate binary incompatibility. Expected 96, got 88
  return f(*args, **kwds)

C:\Program Files\Python36\lib\importlib\_bootstrap.py:205: RuntimeWarning: numpy.ufunc size changed, may indicate binary incompatibility. Expected 192, got 176
  return f(*args, **kwds)

C:\Users\Marco\AppData\Roaming\Python\Python36\site-packages\pykwalify\core.py:99: UnsafeLoaderWarning: 
The default 'Loader' for 'load(stream)' without further arguments can be unsafe.
Use 'load(stream, Loader=ruamel.yaml.Loader)' explicitly if that is OK.
Alternatively include the following in your code:

  import warnings
  warnings.simplefilter('ignore', ruamel.yaml.error.UnsafeLoaderWarning)

In most other cases you should consider using 'safe_load(stream)'
  data = yaml.load(stream)

C:\Program Files\Python36\lib\importlib\_bootstrap.py:205: RuntimeWarning: numpy.dtype size changed, may indicate binary incompatibility. Expected 96, got 88
  return f(*args, **kwds)

C:\Program Files\Python36\lib\importlib\_bootstrap.py:205: RuntimeWarning: numpy.ufunc size changed, may indicate binary incompatibility. Expected 192, got 176
  return f(*args, **kwds)

C:\Users\Marco\AppData\Roaming\Python\Python36\site-packages\pykwalify\core.py:99: UnsafeLoaderWarning: 
The default 'Loader' for 'load(stream)' without further arguments can be unsafe.
Use 'load(stream, Loader=ruamel.yaml.Loader)' explicitly if that is OK.
Alternatively include the following in your code:

  import warnings
  warnings.simplefilter('ignore', ruamel.yaml.error.UnsafeLoaderWarning)

In most other cases you should consider using 'safe_load(stream)'
  data = yaml.load(stream)

C:\Program Files\Python36\lib\importlib\_bootstrap.py:205: RuntimeWarning: numpy.dtype size changed, may indicate binary incompatibility. Expected 96, got 88
  return f(*args, **kwds)

C:\Program Files\Python36\lib\importlib\_bootstrap.py:205: RuntimeWarning: numpy.ufunc size changed, may indicate binary incompatibility. Expected 192, got 176
  return f(*args, **kwds)

C:\Users\Marco\AppData\Roaming\Python\Python36\site-packages\pykwalify\core.py:99: UnsafeLoaderWarning: 
The default 'Loader' for 'load(stream)' without further arguments can be unsafe.
Use 'load(stream, Loader=ruamel.yaml.Loader)' explicitly if that is OK.
Alternatively include the following in your code:

  import warnings
  warnings.simplefilter('ignore', ruamel.yaml.error.UnsafeLoaderWarning)

In most other cases you should consider using 'safe_load(stream)'
  data = yaml.load(stream)

C:\Program Files\Python36\lib\importlib\_bootstrap.py:205: RuntimeWarning: numpy.dtype size changed, may indicate binary incompatibility. Expected 96, got 88
  return f(*args, **kwds)

C:\Program Files\Python36\lib\importlib\_bootstrap.py:205: RuntimeWarning: numpy.ufunc size changed, may indicate binary incompatibility. Expected 192, got 176
  return f(*args, **kwds)

C:\Users\Marco\AppData\Roaming\Python\Python36\site-packages\pykwalify\core.py:99: UnsafeLoaderWarning: 
The default 'Loader' for 'load(stream)' without further arguments can be unsafe.
Use 'load(stream, Loader=ruamel.yaml.Loader)' explicitly if that is OK.
Alternatively include the following in your code:

  import warnings
  warnings.simplefilter('ignore', ruamel.yaml.error.UnsafeLoaderWarning)

In most other cases you should consider using 'safe_load(stream)'
  data = yaml.load(stream)

/Users/mma/Library/Python/2.7/lib/python/site-packages/pykwalify/core.py:99: UnsafeLoaderWarning: 
The default 'Loader' for 'load(stream)' without further arguments can be unsafe.
Use 'load(stream, Loader=ruamel.yaml.Loader)' explicitly if that is OK.
Alternatively include the following in your code:

  import warnings
  warnings.simplefilter('ignore', ruamel.yaml.error.UnsafeLoaderWarning)

In most other cases you should consider using 'safe_load(stream)'
  data = yaml.load(stream)

Rasa process starting
Rasa process starting
Rasa process starting
Rasa process starting
Restoring parameters from models/current/nlu\intent_classifier_tensorflow_embedding.ckpt
C:\Users\Marco\AppData\Roaming\Python\Python36\site-packages\pykwalify\core.py:99: UnsafeLoaderWarning: 
The default 'Loader' for 'load(stream)' without further arguments can be unsafe.
Use 'load(stream, Loader=ruamel.yaml.Loader)' explicitly if that is OK.
Alternatively include the following in your code:

  import warnings
  warnings.simplefilter('ignore', ruamel.yaml.error.UnsafeLoaderWarning)

In most other cases you should consider using 'safe_load(stream)'
  data = yaml.load(stream)

Rasa Core server is up and running on http://localhost:5005
Rasa process starting
Restoring parameters from models/current/nlu/intent_classifier_tensorflow_embedding.ckpt
/Library/Frameworks/Python.framework/Versions/3.6/lib/python3.6/site-packages/pykwalify/core.py:99: UnsafeLoaderWarning: 
The default 'Loader' for 'load(stream)' without further arguments can be unsafe.
Use 'load(stream, Loader=ruamel.yaml.Loader)' explicitly if that is OK.
Alternatively include the following in your code:

  import warnings
  warnings.simplefilter('ignore', ruamel.yaml.error.UnsafeLoaderWarning)

In most other cases you should consider using 'safe_load(stream)'
  data = yaml.load(stream)

Rasa Core server is up and running on http://localhost:5005
